<?xml version="1.0" encoding="UTF-8"?>
<testng-results skipped="0" failed="0" ignored="0" total="1" passed="1">
  <reporter-output>
    <line>
      <![CDATA[当前登录-新用户登录时，提示需要先注册<br>]]>
    </line>
    <line>
      <![CDATA[测试成功了!<br>]]>
    </line>
    <line>
      <![CDATA[截图如下：<br>]]>
    </line>
    <line>
      <![CDATA[<img src='C:\autoTest\AndroidScreenshot\测试登录/新用户登录时提示需要先注册2018-12-14_10_10_28.png' hight='300' width='300'/>]]>
    </line>
    <line>
      <![CDATA[<BR>]]>
    </line>
  </reporter-output>
  <suite name="Default suite" duration-ms="26529" started-at="2018-12-14T02:10:03Z" finished-at="2018-12-14T02:10:29Z">
    <groups>
    </groups>
    <test name="Default test" duration-ms="26529" started-at="2018-12-14T02:10:03Z" finished-at="2018-12-14T02:10:29Z">
      <class name="cheche.androidTest.a.testCase.TestLoginForNewUser">
        <test-method status="PASS" signature="beforeMethod()[pri:0, instance:cheche.androidTest.a.testCase.TestLoginForNewUser@553f17c]" name="beforeMethod" is-config="true" duration-ms="7651" started-at="2018-12-14T02:10:03Z" finished-at="2018-12-14T02:10:10Z">
          <reporter-output>
          </reporter-output>
        </test-method> <!-- beforeMethod -->
        <test-method status="PASS" signature="testLoginForNewUser()[pri:0, instance:cheche.androidTest.a.testCase.TestLoginForNewUser@553f17c]" name="testLoginForNewUser" duration-ms="18862" started-at="2018-12-14T02:10:10Z" description="测试我的车车-登录系统-新用户登录时，提示需要先注册" finished-at="2018-12-14T02:10:29Z">
          <reporter-output>
            <line>
              <![CDATA[当前登录-新用户登录时，提示需要先注册<br>]]>
            </line>
            <line>
              <![CDATA[截图如下：<br>]]>
            </line>
            <line>
              <![CDATA[<img src='C:\autoTest\AndroidScreenshot\测试登录/新用户登录时提示需要先注册2018-12-14_10_10_28.png' hight='300' width='300'/>]]>
            </line>
            <line>
              <![CDATA[<BR>]]>
            </line>
          </reporter-output>
        </test-method> <!-- testLoginForNewUser -->
        <test-method status="PASS" signature="afterMethod(org.testng.ITestResult)[pri:0, instance:cheche.androidTest.a.testCase.TestLoginForNewUser@553f17c]" name="afterMethod" is-config="true" duration-ms="1" started-at="2018-12-14T02:10:29Z" finished-at="2018-12-14T02:10:29Z">
          <params>
            <param index="0">
              <value>
                <![CDATA[[TestResult name=testLoginForNewUser status=SUCCESS method=TestLoginForNewUser.testLoginForNewUser()[pri:0, instance:cheche.androidTest.a.testCase.TestLoginForNewUser@553f17c] output=当前登录-新用户登录时，提示需要先注册<br>]]]>
              </value>
            </param>
          </params>
          <reporter-output>
            <line>
              <![CDATA[测试成功了!<br>]]>
            </line>
          </reporter-output>
        </test-method> <!-- afterMethod -->
        <test-method status="PASS" signature="afterMethod()[pri:0, instance:cheche.androidTest.a.testCase.TestLoginForNewUser@553f17c]" name="afterMethod" is-config="true" duration-ms="1" started-at="2018-12-14T02:10:29Z" finished-at="2018-12-14T02:10:29Z">
          <reporter-output>
          </reporter-output>
        </test-method> <!-- afterMethod -->
      </class> <!-- cheche.androidTest.a.testCase.TestLoginForNewUser -->
    </test> <!-- Default test -->
  </suite> <!-- Default suite -->
</testng-results>
